<?xml version="1.0" encoding="UTF-8"?>
<!-- Generated by org.testng.reporters.JUnitXMLReporter -->
<testsuite ignored="0" hostname="DESKTOP-FTIU28S" failures="0" tests="6" name="Default test" time="27.36" errors="0" timestamp="2023-03-22T02:33:07 IST">
  <testcase classname="Test_Methods.VerifyLoginPage" name="verifyKeepMeSigninCheckbox" time="2.365"/>
  <testcase classname="Test_Methods.VerifyLoginPage" name="verifyErrorMessageOfIncorrectUserName" time="2.206"/>
  <testcase classname="Test_Methods.VerifyLoginPage" name="verifyTextPresentOnCreateAccountButton" time="1.015"/>
  <testcase classname="Test_Methods.VerifyLoginPage" name="verifyErrorMessageOfIncorrectPassword" time="3.731"/>
  <testcase classname="Test_Methods.VerifyLoginPage" name="verifyForgotPasswordLink" time="3.405"/>
  <testcase classname="Test_Methods.VerifyLoginPage" name="verifyChangeLink" time="2.857"/>
</testsuite> <!-- Default test -->
